<?xml version="1.0" encoding="UTF-8"?>
<testng-results skipped="0" failed="0" ignored="0" total="1" passed="1">
  <reporter-output>
  </reporter-output>
  <suite name="Suite" duration-ms="4849" started-at="2019-04-20T10:38:49Z" finished-at="2019-04-20T10:38:54Z">
    <groups>
    </groups>
    <test name="Test" duration-ms="4849" started-at="2019-04-20T10:38:49Z" finished-at="2019-04-20T10:38:54Z">
      <class name="TestCases.TwitterAPI">
        <test-method status="PASS" signature="BeforeSuite()[pri:0, instance:TestCases.TwitterAPI@129a8472]" name="BeforeSuite" is-config="true" duration-ms="9" started-at="2019-04-20T16:08:49Z" finished-at="2019-04-20T16:08:49Z">
          <reporter-output>
          </reporter-output>
        </test-method> <!-- BeforeSuite -->
        <test-method status="PASS" signature="BeforeClass()[pri:0, instance:TestCases.TwitterAPI@129a8472]" name="BeforeClass" is-config="true" duration-ms="5" started-at="2019-04-20T16:08:49Z" finished-at="2019-04-20T16:08:49Z">
          <reporter-output>
          </reporter-output>
        </test-method> <!-- BeforeClass -->
        <test-method status="PASS" signature="BeforeMethod(java.lang.reflect.Method)[pri:0, instance:TestCases.TwitterAPI@129a8472]" name="BeforeMethod" is-config="true" duration-ms="1" started-at="2019-04-20T16:08:49Z" finished-at="2019-04-20T16:08:49Z">
          <params>
            <param index="0">
              <value>
                <![CDATA[public void TestCases.TwitterAPI.tc01()]]>
              </value>
            </param>
          </params>
          <reporter-output>
          </reporter-output>
        </test-method> <!-- BeforeMethod -->
        <test-method status="PASS" signature="tc01()[pri:0, instance:TestCases.TwitterAPI@129a8472]" name="tc01" duration-ms="4167" started-at="2019-04-20T16:08:49Z" finished-at="2019-04-20T16:08:53Z">
          <reporter-output>
          </reporter-output>
        </test-method> <!-- tc01 -->
        <test-method status="PASS" signature="AfterMethod()[pri:0, instance:TestCases.TwitterAPI@129a8472]" name="AfterMethod" is-config="true" duration-ms="657" started-at="2019-04-20T16:08:53Z" finished-at="2019-04-20T16:08:54Z">
          <reporter-output>
          </reporter-output>
        </test-method> <!-- AfterMethod -->
      </class> <!-- TestCases.TwitterAPI -->
    </test> <!-- Test -->
  </suite> <!-- Suite -->
</testng-results>
