<?xml version="1.0" encoding="UTF-8"?>
<testng-results skipped="0" failed="0" ignored="0" total="1" passed="1">
  <reporter-output>
  </reporter-output>
  <suite name="Suite" duration-ms="7934" started-at="2019-02-13T17:57:05Z" finished-at="2019-02-13T17:57:13Z">
    <groups>
    </groups>
    <test name="Test" duration-ms="7934" started-at="2019-02-13T17:57:05Z" finished-at="2019-02-13T17:57:13Z">
      <class name="TestCases.TwitterAPI">
        <test-method status="PASS" signature="BeforeSuite()[pri:0, instance:TestCases.TwitterAPI@1794d431]" name="BeforeSuite" is-config="true" duration-ms="42" started-at="2019-02-13T17:57:05Z" finished-at="2019-02-13T17:57:05Z">
          <reporter-output>
          </reporter-output>
        </test-method> <!-- BeforeSuite -->
        <test-method status="PASS" signature="BeforeClass()[pri:0, instance:TestCases.TwitterAPI@1794d431]" name="BeforeClass" is-config="true" duration-ms="15" started-at="2019-02-13T17:57:05Z" finished-at="2019-02-13T17:57:05Z">
          <reporter-output>
          </reporter-output>
        </test-method> <!-- BeforeClass -->
        <test-method status="PASS" signature="BeforeMethod(java.lang.reflect.Method)[pri:0, instance:TestCases.TwitterAPI@1794d431]" name="BeforeMethod" is-config="true" duration-ms="4" started-at="2019-02-13T17:57:05Z" finished-at="2019-02-13T17:57:05Z">
          <params>
            <param index="0">
              <value>
                <![CDATA[public void TestCases.TwitterAPI.tc01()]]>
              </value>
            </param>
          </params>
          <reporter-output>
          </reporter-output>
        </test-method> <!-- BeforeMethod -->
        <test-method status="PASS" signature="tc01()[pri:0, instance:TestCases.TwitterAPI@1794d431]" name="tc01" duration-ms="7123" started-at="2019-02-13T17:57:05Z" finished-at="2019-02-13T17:57:12Z">
          <reporter-output>
          </reporter-output>
        </test-method> <!-- tc01 -->
        <test-method status="PASS" signature="AfterMethod()[pri:0, instance:TestCases.TwitterAPI@1794d431]" name="AfterMethod" is-config="true" duration-ms="684" started-at="2019-02-13T17:57:12Z" finished-at="2019-02-13T17:57:13Z">
          <reporter-output>
          </reporter-output>
        </test-method> <!-- AfterMethod -->
      </class> <!-- TestCases.TwitterAPI -->
    </test> <!-- Test -->
  </suite> <!-- Suite -->
</testng-results>
